<?xml version="1.0" encoding="UTF-8"?>
<!-- Generated by org.testng.reporters.JUnitXMLReporter -->
<testsuite ignored="0" hostname="DESKTOP-734T7OV" failures="0" tests="11" name="TestNG Feature Test" time="18.282" errors="0" timestamp="2022-05-30T20:32:02 IST">
  <testcase classname="com.testng.pack.TestNGClass" name="Test1" time="0.013"/>
  <testcase classname="com.testng.pack.TestNGClass" name="Test2" time="0.002"/>
  <testcase classname="com.testng.pack.TestNGFeatures" name="loginTest" time="0.001"/>
  <testcase classname="com.testng.pack.TestNGFeatures" name="loginTest" time="0.002"/>
  <testcase classname="com.testng.pack.TestNGFeatures" name="loginTest" time="0.001"/>
  <testcase classname="com.testng.pack.TestNGFeatures" name="loginTest" time="0.001"/>
  <testcase classname="com.testng.pack.TestNGFeatures" name="homepageTest" time="0.001"/>
  <testcase classname="com.tests.GoogleTest" name="GoogleTitleTest" time="0.141"/>
  <testcase classname="com.tests.GoogleTest" name="imgdisplayed" time="0.157"/>
  <testcase classname="com.tests.GoogleTest" name="logotest" time="0.255"/>
  <testcase classname="com.tests.GoogleTest" name="test1" time="0.001"/>
</testsuite> <!-- TestNG Feature Test -->
