<?xml version="1.0" encoding="UTF-8"?>
<testng-results ignored="1" total="2" passed="1" failed="0" skipped="0">
  <reporter-output>
  </reporter-output>
  <suite started-at="2022-05-20T23:36:40 IST" name="Default suite" finished-at="2022-05-20T23:36:40 IST" duration-ms="41">
    <groups>
    </groups>
    <test started-at="2022-05-20T23:36:40 IST" name="Default test" finished-at="2022-05-20T23:36:40 IST" duration-ms="41">
      <class name="com.testng.pack.TestNGClass">
        <test-method is-config="true" signature="beforesuite()[pri:0, instance:com.testng.pack.TestNGClass@769f71a9]" started-at="2022-05-20T23:36:40 IST" name="beforesuite" finished-at="2022-05-20T23:36:40 IST" duration-ms="6" status="PASS">
          <reporter-output>
          </reporter-output>
        </test-method> <!-- beforesuite -->
        <test-method is-config="true" signature="beforeTest()[pri:0, instance:com.testng.pack.TestNGClass@769f71a9]" started-at="2022-05-20T23:36:40 IST" name="beforeTest" finished-at="2022-05-20T23:36:40 IST" duration-ms="0" status="PASS">
          <reporter-output>
          </reporter-output>
        </test-method> <!-- beforeTest -->
        <test-method is-config="true" signature="beforeclass()[pri:0, instance:com.testng.pack.TestNGClass@769f71a9]" started-at="2022-05-20T23:36:40 IST" name="beforeclass" finished-at="2022-05-20T23:36:40 IST" duration-ms="0" status="PASS">
          <reporter-output>
          </reporter-output>
        </test-method> <!-- beforeclass -->
        <test-method is-config="true" signature="beforeMethod()[pri:0, instance:com.testng.pack.TestNGClass@769f71a9]" started-at="2022-05-20T23:36:40 IST" name="beforeMethod" finished-at="2022-05-20T23:36:40 IST" duration-ms="0" status="PASS">
          <reporter-output>
          </reporter-output>
        </test-method> <!-- beforeMethod -->
        <test-method signature="Test1()[pri:1, instance:com.testng.pack.TestNGClass@769f71a9]" started-at="2022-05-20T23:36:40 IST" name="Test1" finished-at="2022-05-20T23:36:40 IST" duration-ms="8" status="PASS">
          <reporter-output>
          </reporter-output>
        </test-method> <!-- Test1 -->
        <test-method is-config="true" signature="afterMethod()[pri:0, instance:com.testng.pack.TestNGClass@769f71a9]" started-at="2022-05-20T23:36:40 IST" name="afterMethod" finished-at="2022-05-20T23:36:40 IST" duration-ms="0" status="PASS">
          <reporter-output>
          </reporter-output>
        </test-method> <!-- afterMethod -->
        <test-method is-config="true" signature="afterclass()[pri:0, instance:com.testng.pack.TestNGClass@769f71a9]" started-at="2022-05-20T23:36:40 IST" name="afterclass" finished-at="2022-05-20T23:36:40 IST" duration-ms="0" status="PASS">
          <reporter-output>
          </reporter-output>
        </test-method> <!-- afterclass -->
        <test-method is-config="true" signature="AfterSuite()[pri:0, instance:com.testng.pack.TestNGClass@769f71a9]" started-at="2022-05-20T23:36:41 IST" name="AfterSuite" finished-at="2022-05-20T23:36:41 IST" duration-ms="1" status="PASS">
          <reporter-output>
          </reporter-output>
        </test-method> <!-- AfterSuite -->
      </class> <!-- com.testng.pack.TestNGClass -->
    </test> <!-- Default test -->
  </suite> <!-- Default suite -->
</testng-results>
